#
# A fatal error has been detected by the Java Runtime Environment:
#
#  Internal Error (javaClasses.cpp:136), pid=1620, tid=1728
#  fatal error: Invalid layout of preloaded class
#
# JRE version:  (7.0_45-b18) (build )
# Java VM: Java HotSpot(TM) 64-Bit Server VM (24.45-b08 mixed mode windows-amd64 compressed oops)
# Failed to write core dump. Minidumps are not enabled by default on client versions of Windows
#
# If you would like to submit a bug report, please visit:
#   http://bugreport.sun.com/bugreport/crash.jsp
#

---------------  T H R E A D  ---------------

Current thread (0x0000000002cf0800):  JavaThread "Unknown thread" [_thread_in_vm, id=1728, stack(0x00000000028e0000,0x00000000029e0000)]

Stack: [0x00000000028e0000,0x00000000029e0000]

---------------  P R O C E S S  ---------------

Java Threads: ( => current thread )

Other Threads:

=>0x0000000002cf0800 (exited) JavaThread "Unknown thread" [_thread_in_vm, id=1728, stack(0x00000000028e0000,0x00000000029e0000)]

VM state:not at safepoint (not fully initialized)

VM Mutex/Monitor currently owned by a thread: None

GC Heap History (0 events):
No events

Deoptimization events (0 events):
No events

Internal exceptions (0 events):
No events

Events (10 events):
Event: 0.010 loading class 0x0000000002d34a00 done
Event: 0.010 loading class 0x0000000002d34420 done
Event: 0.010 loading class 0x0000000002d34400
Event: 0.010 loading class 0x0000000002d3c500
Event: 0.010 loading class 0x0000000002d3c500 done
Event: 0.010 loading class 0x0000000002d3c530
Event: 0.010 loading class 0x0000000002d3c530 done
Event: 0.010 loading class 0x0000000002d3c560
Event: 0.010 loading class 0x0000000002d3c560 done
Event: 0.010 loading class 0x0000000002d34400 done


Dynamic libraries:
0x00007ff738de0000 - 0x00007ff738e13000 	C:\Program Files\Java\jre7\bin\javaw.exe
0x00007ffff2190000 - 0x00007ffff2339000 	C:\WINDOWS\SYSTEM32\ntdll.dll
0x00007ffff15b0000 - 0x00007ffff16e9000 	C:\WINDOWS\system32\KERNEL32.DLL
0x00007fffef910000 - 0x00007fffefa1e000 	C:\WINDOWS\system32\KERNELBASE.dll
0x00007fffede90000 - 0x00007fffedf1b000 	C:\WINDOWS\system32\apphelp.dll
0x00007fffebf60000 - 0x00007fffebfac000 	C:\WINDOWS\AppPatch\AppPatch64\AcGenral.DLL
0x00007ffff2080000 - 0x00007ffff2127000 	C:\WINDOWS\system32\msvcrt.dll
0x00007fffef2f0000 - 0x00007fffef31b000 	C:\WINDOWS\SYSTEM32\SspiCli.dll
0x00007ffff1550000 - 0x00007ffff15a1000 	C:\WINDOWS\system32\SHLWAPI.dll
0x00007ffff1ea0000 - 0x00007ffff2011000 	C:\WINDOWS\system32\USER32.dll
0x00007ffff11c0000 - 0x00007ffff1336000 	C:\WINDOWS\system32\ole32.dll
0x00007fffefdb0000 - 0x00007ffff11bf000 	C:\WINDOWS\system32\SHELL32.dll
0x00007fffeede0000 - 0x00007fffeedff000 	C:\WINDOWS\SYSTEM32\USERENV.dll
0x00007ffff14a0000 - 0x00007ffff1545000 	C:\WINDOWS\system32\ADVAPI32.dll
0x00007fffe7bb0000 - 0x00007fffe7bcb000 	C:\WINDOWS\SYSTEM32\MPR.dll
0x00007ffff1340000 - 0x00007ffff1476000 	C:\WINDOWS\system32\RPCRT4.dll
0x00007ffff2020000 - 0x00007ffff2077000 	C:\WINDOWS\SYSTEM32\sechost.dll
0x00007ffff1c10000 - 0x00007ffff1de7000 	C:\WINDOWS\SYSTEM32\combase.dll
0x00007fffefc30000 - 0x00007fffefd75000 	C:\WINDOWS\system32\GDI32.dll
0x00007fffef510000 - 0x00007fffef524000 	C:\WINDOWS\SYSTEM32\profapi.dll
0x00007fffed8f0000 - 0x00007fffed991000 	C:\WINDOWS\SYSTEM32\SHCORE.dll
0x00007ffff1bd0000 - 0x00007ffff1c04000 	C:\WINDOWS\system32\IMM32.DLL
0x00007ffff16f0000 - 0x00007ffff1828000 	C:\WINDOWS\system32\MSCTF.dll
0x00007fffed090000 - 0x00007fffed2ea000 	C:\WINDOWS\WinSxS\amd64_microsoft.windows.common-controls_6595b64144ccf1df_6.0.9600.16384_none_62475f7becb72503\COMCTL32.dll
0x000000006ac50000 - 0x000000006ad22000 	C:\Program Files\Java\jre7\bin\msvcr100.dll
0x000000006a480000 - 0x000000006ac49000 	C:\Program Files\Java\jre7\bin\server\jvm.dll
0x00007fffe6a20000 - 0x00007fffe6a29000 	C:\WINDOWS\SYSTEM32\WSOCK32.dll
0x00007fffe7c10000 - 0x00007fffe7c2f000 	C:\WINDOWS\SYSTEM32\WINMM.dll
0x00007ffff1490000 - 0x00007ffff1497000 	C:\WINDOWS\system32\PSAPI.DLL
0x00007fffefa30000 - 0x00007fffefa88000 	C:\WINDOWS\system32\WS2_32.dll
0x00007fffe7bd0000 - 0x00007fffe7bfa000 	C:\WINDOWS\SYSTEM32\WINMMBASE.dll
0x00007ffff1480000 - 0x00007ffff1489000 	C:\WINDOWS\system32\NSI.dll
0x00007fffef7c0000 - 0x00007fffef80a000 	C:\WINDOWS\SYSTEM32\cfgmgr32.dll
0x00007fffee390000 - 0x00007fffee3b6000 	C:\WINDOWS\SYSTEM32\DEVOBJ.dll
0x000000006a470000 - 0x000000006a47f000 	C:\Program Files\Java\jre7\bin\verify.dll
0x000000006a440000 - 0x000000006a468000 	C:\Program Files\Java\jre7\bin\java.dll
0x000000006a420000 - 0x000000006a435000 	C:\Program Files\Java\jre7\bin\zip.dll

VM Arguments:
jvm_args: -Dfile.encoding=MS949 -Xbootclasspath:C:\android\sdk\platforms\android-18\android.jar 
java_command: jarvis.RecognitionMain
Launcher Type: SUN_STANDARD

Environment Variables:
PATH=C:\Program Files (x86)\Intel\iCLS Client\;C:\Program Files\Intel\iCLS Client\;C:\WINDOWS\system32;C:\WINDOWS;C:\WINDOWS\System32\Wbem;C:\WINDOWS\System32\WindowsPowerShell\v1.0\;C:\Program Files\Intel\Intel(R) Management Engine Components\DAL;C:\Program Files\Intel\Intel(R) Management Engine Components\IPT;C:\Program Files (x86)\Intel\Intel(R) Management Engine Components\DAL;C:\Program Files (x86)\Intel\Intel(R) Management Engine Components\IPT;C:\Program Files (x86)\Intel\OpenCL SDK\2.0\bin\x86;C:\Program Files (x86)\Intel\OpenCL SDK\2.0\bin\x64;C:\Program Files (x86)\Windows Live\Shared;C:\Program Files\Condusiv Technologies\IntelliMemory\;C:\Program Files\Intel\WiFi\bin\;C:\Program Files\Common Files\Intel\WirelessCommon\;C:\Program Files\Intel\WiFi\bin\;C:\Program Files\Common Files\Intel\WirelessCommon\
USERNAME=jk
OS=Windows_NT
PROCESSOR_IDENTIFIER=Intel64 Family 6 Model 58 Stepping 9, GenuineIntel



---------------  S Y S T E M  ---------------

OS: Windows 8 , 64 bit Build 9200 

CPU:total 4 (2 cores per cpu, 2 threads per core) family 6 model 58 stepping 9, cmov, cx8, fxsr, mmx, sse, sse2, sse3, ssse3, sse4.1, sse4.2, popcnt, avx, erms, ht, tsc, tscinvbit, tscinv

Memory: 4k page, physical 8001052k(3931296k free), swap 9857940k(4436012k free)

vm_info: Java HotSpot(TM) 64-Bit Server VM (24.45-b08) for windows-amd64 JRE (1.7.0_45-b18), built on Oct  8 2013 05:47:22 by "java_re" with unknown MS VC++:1600

time: Mon Feb 03 21:39:56 2014
elapsed time: 0 seconds

